
=== Sun Jan 30 09:25:08 2022

Packages were changed.
Update Mode: updateDependencies

The following packages were added:
  com.unity.2d.sprite@1.0.0
  com.unity.2d.tilemap@1.0.0
  com.unity.ide.rider@2.0.7
  com.unity.ide.visualstudio@2.0.12
  com.unity.ide.vscode@1.2.4
  com.unity.modules.androidjni@1.0.0
  com.unity.test-framework@1.1.29
  com.unity.timeline@1.4.8
  com.unity.ugui@1.0.0
  com.unity.xr.legacyinputhelpers@2.1.8
The following packages were updated:
  com.unity.ads from version 2.0.8 to 3.7.5
  com.unity.analytics from version 3.2.3 to 3.6.11
  com.unity.collab-proxy from version 1.2.15 to 1.15.4
  com.unity.purchasing from version 2.0.3 to 4.0.3
  com.unity.textmeshpro from version 1.4.1 to 3.0.6
The following packages were removed:
  com.unity.package-manager-ui@2.0.13
